node:internal/deps/undici/undici:13510
      Error.captureStackTrace(err);
            ^

TypeError: fetch failed
    at node:internal/deps/undici/undici:13510:13
    at async CanvasHelper.getCourseDiscussions (/Users/angadbrar/Desktop/canvas-notion-api/src/canvashelper.js:58:17)
    at async run (/Users/angadbrar/Desktop/canvas-notion-api/src/main.js:14:25) {
  [cause]: Error: read ECONNRESET
      at TLSWrap.onStreamRead (node:internal/stream_base_commons:216:20) {
    errno: -54,
    code: 'ECONNRESET',
    syscall: 'read'
  }
}

Node.js v23.11.0
Adding 0 new items for 26Sp Capstone Technical Report
Adding 0 new items for 26Sp Cloud Computing
Adding 0 new items for 26Sp Data Science Project
Adding 0 new items for 26Sp Database Systems
Adding 0 new items for 26Sp Discrete Math and Theory 2
Adding 1 new items for 26Sp Engr Ethcs Prof Responsibility
Adding 1 new items for 26Sp Intro to Cybersecurity 3:30pm
Sync complete.
@notionhq/client warn: request fail {
  code: 'notionhq_client_request_timeout',
  message: 'Request to Notion API has timed out'
}
Adding 5 new items for 26Sp Capstone Technical Report
@notionhq/client warn: request fail {
  code: 'notionhq_client_request_timeout',
  message: 'Request to Notion API has timed out'
}
/Users/angadbrar/Desktop/canvas-notion-api/node_modules/@notionhq/client/build/src/errors.js:69
                reject(new RequestTimeoutError());
                       ^

RequestTimeoutError: Request to Notion API has timed out
    at Timeout._onTimeout (/Users/angadbrar/Desktop/canvas-notion-api/node_modules/@notionhq/client/build/src/errors.js:69:24)
    at listOnTimeout (node:internal/timers:608:17)
    at process.processTimers (node:internal/timers:543:7) {
  code: 'notionhq_client_request_timeout'
}

Node.js v23.11.0
Adding 0 new items for 26Sp Capstone Technical Report
Adding 0 new items for 26Sp Cloud Computing
Adding 0 new items for 26Sp Data Science Project
Adding 0 new items for 26Sp Database Systems
Adding 0 new items for 26Sp Discrete Math and Theory 2
Adding 0 new items for 26Sp Engr Ethcs Prof Responsibility
Adding 0 new items for 26Sp Intro to Cybersecurity 3:30pm
Sync complete.
Adding 0 new items for 26Sp Capstone Technical Report
Adding 0 new items for 26Sp Cloud Computing
Adding 0 new items for 26Sp Data Science Project
Adding 0 new items for 26Sp Database Systems
Adding 0 new items for 26Sp Discrete Math and Theory 2
Adding 2 new items for 26Sp Engr Ethcs Prof Responsibility
Adding 0 new items for 26Sp Intro to Cybersecurity 3:30pm
Sync complete.
Adding 0 new items for 26Sp Capstone Technical Report
Adding 0 new items for 26Sp Cloud Computing
Adding 0 new items for 26Sp Data Science Project
Adding 0 new items for 26Sp Database Systems
Adding 0 new items for 26Sp Discrete Math and Theory 2
Adding 1 new items for 26Sp Engr Ethcs Prof Responsibility
Adding 0 new items for 26Sp Intro to Cybersecurity 3:30pm
Sync complete.
@notionhq/client warn: request fail {
  code: 'notionhq_client_request_timeout',
  message: 'Request to Notion API has timed out',
  attempt: 0
}
Sync summary: 1 create, 1 update, 0 restore, 0 archive across 7 course(s).
Timing: courses 1.00s, canvas 7.07s, notion-read 1.54s, diff 2ms, notion-write 25.19s, total 35.87s
@notionhq/client warn: request fail {
  code: 'notionhq_client_request_timeout',
  message: 'Request to Notion API has timed out',
  attempt: 0
}
Sync summary: 0 create, 3 update, 0 restore, 0 archive across 7 course(s).
Timing: courses 788ms, canvas 5.07s, notion-read 1.45s, diff 2ms, notion-write 3.82s, total 83.78s
Sync summary: 0 create, 1 update, 0 restore, 0 archive across 7 course(s).
Timing: courses 489ms, canvas 2.21s, notion-read 1.17s, diff 1ms, notion-write 6.59s, total 11.42s
Sync summary: 0 create, 4 update, 0 restore, 0 archive across 7 course(s).
Timing: courses 659ms, canvas 2.29s, notion-read 5.43s, diff 2ms, notion-write 2.35s, total 12.42s
Sync summary: 1 create, 7 update, 0 restore, 0 archive across 7 course(s).
Timing: courses 676ms, canvas 2.09s, notion-read 1.93s, diff 1ms, notion-write 8.27s, total 13.97s
